<?xml version="1.0" encoding="UTF-8"?>
<!-- Generated by org.testng.reporters.JUnitReportReporter -->
<testsuite hostname="DESKTOP-5BKKI8L" failures="0" tests="2" name="com.allianz.test.LoginUI" time="34.021" errors="0" timestamp="2024-04-03T23:58:39 PDT" skipped="0">
  <testcase classname="com.allianz.test.LoginUI" name="tittleTest" time="14.762"/>
  <testcase classname="com.allianz.test.LoginUI" name="verification" time="19.259"/>
</testsuite> <!-- com.allianz.test.LoginUI -->
