<?xml version="1.0" encoding="UTF-8"?>
<!-- Generated by org.testng.reporters.JUnitReportReporter -->
<testsuite hostname="DESKTOP-5BKKI8L" failures="0" tests="5" name="com.allianz.test.LoginTest" time="63.732" errors="0" timestamp="2024-04-17T22:46:35 PDT" skipped="0">
  <testcase classname="com.allianz.test.LoginTest" name="invalidLoginTest" time="9.643"/>
  <testcase classname="com.allianz.test.LoginTest" name="validLoginTest" time="10.405"/>
  <testcase classname="com.allianz.test.LoginTest" name="invalidLoginTest" time="11.135"/>
  <testcase classname="com.allianz.test.LoginTest" name="verification" time="15.744"/>
  <testcase classname="com.allianz.test.LoginTest" name="tittleTest" time="16.805"/>
</testsuite> <!-- com.allianz.test.LoginTest -->
